/var/www/etzBrowser/tools/priTools/internalTX_txhash.js:12
var web3 = new Web3(new Web3.providers.HttpProvider("http://172.31.216.209:9646"));
           ^

ReferenceError: Web3 is not defined
    at Object.<anonymous> (/var/www/etzBrowser/tools/priTools/internalTX_txhash.js:12:12)
    at Module._compile (module.js:652:30)
    at Object.Module._extensions..js (module.js:663:10)
    at Module.load (module.js:565:32)
    at tryModuleLoad (module.js:505:12)
    at Function.Module._load (module.js:497:3)
    at Function.Module.runMain (module.js:693:10)
    at startup (bootstrap_node.js:191:16)
    at bootstrap_node.js:612:3
(node:11737) DeprecationWarning: `open()` is deprecated in mongoose >= 4.11.0, use `openUri()` instead, or set the `useMongoClient` option if using `connect()` or `createConnection()`. See http://mongoosejs.com/docs/connections.html#use-mongo-client
(node:11737) DeprecationWarning: Mongoose: mpromise (mongoose's default promise library) is deprecated, plug in your own promise library instead: http://mongoosejs.com/docs/promises.html
Db.prototype.authenticate method will no longer be available in the next major release 3.x as MongoDB 3.6 will only allow auth against users in the admin db and will no longer allow multiple credentials on a socket. Please authenticate using MongoClient.connect with auth credentials.
1000
900
800
700
600
500
400
300
200
100
采集进度,internalPage： 1
1000
900
800
700
600
500
400
300
200
100
采集进度,internalPage： 2
1000
900
800
700
600
500
400
300
200
100
采集进度,internalPage： 3
1000
900
800
700
600
500
400
300
200
100
采集进度,internalPage： 4
1000
900
800
700
600
500
400
300
200
100
采集进度,internalPage： 5
1000
900
800
700
600
500
400
300
200
100
采集进度,internalPage： 6
1000
900
800
700
600
500
400
300
200
100
采集进度,internalPage： 7
1000
900
800
700
600
500
400
300
200
100
采集进度,internalPage： 8
1000
900
800
700
600
500
400
300
200
100
采集进度,internalPage： 9
1000
900
800
700
600
500
400
300
200
100
采集进度,internalPage： 10
1000
900
800
700
600
500
400
300
200
100
采集进度,internalPage： 11
1000
900
800
700
600
500
400
300
200
100
采集进度,internalPage： 12
1000
900
800
700
600
500
400
300
200
100
采集进度,internalPage： 13
1000
900
800
700
600
500
400
300
200
100
采集进度,internalPage： 14
1000
900
800
700
600
500
400
300
200
100
采集进度,internalPage： 15
1000
900
800
700
600
500
400
300
200
100
采集进度,internalPage： 16
1000
900
800
700
600
500
400
300
200
100
采集进度,internalPage： 17
1000
900
800
700
600
500
400
300
200
100
采集进度,internalPage： 18
1000
900
800
700
600
500
400
300
200
100
采集进度,internalPage： 19
1000
900
800
700
600
500
400
300
200
100
采集进度,internalPage： 20
1000
900
800
700
600
500
400
300
200
100
采集进度,internalPage： 21
1000
900
800
700
600
500
400
300
200
100
采集进度,internalPage： 22
1000
900
800
700
600
500
400
300
200
100
采集进度,internalPage： 23
1000
900
800
700
600
500
400
300
200
100
采集进度,internalPage： 24
1000
900
800
700
600
500
400
300
200
100
采集进度,internalPage： 25
1000
900
800
700
600
500
400
300
200
100
采集进度,internalPage： 26
1000
900
800
700
600
500
400
300
200
100
采集进度,internalPage： 27
1000
900
800
700
600
500
400
300
200
100
采集进度,internalPage： 28
1000
900
800
700
600
500
400
300
200
100
采集进度,internalPage： 29
1000
900
800
700
600
500
400
300
200
100
采集进度,internalPage： 30
1000
900
800
700
600
500
400
300
200
100
采集进度,internalPage： 31
1000
900
800
700
600
500
400
300
200
100
采集进度,internalPage： 32
1000
900
800
700
600
500
400
300
200
100
采集进度,internalPage： 33
1000
900
800
700
600
500
400
300
200
100
采集进度,internalPage： 34
1000
900
800
700
600
500
400
300
200
100
采集进度,internalPage： 35
1000
900
800
700
600
500
400
300
200
100
采集进度,internalPage： 36
1000
900
800
700
600
500
400
300
200
100
采集进度,internalPage： 37
1000
900
800
700
600
500
400
300
200
100
采集进度,internalPage： 38
1000
900
800
700
600
500
400
300
200
100
采集进度,internalPage： 39
1000
900
800
700
600
500
400
300
200
100
采集进度,internalPage： 40
1000
900
800
700
600
500
400
300
200
100
采集进度,internalPage： 41
1000
900
800
700
600
500
400
300
200
100
采集进度,internalPage： 42
1000
900
800
700
600
500
400
300
200
100
采集进度,internalPage： 43
1000
900
800
700
600
500
400
300
200
100
采集进度,internalPage： 44
1000
900
800
700
600
500
400
300
200
100
采集进度,internalPage： 45
1000
900
800
700
600
500
400
300
200
100
采集进度,internalPage： 46
1000
900
800
700
600
500
400
300
200
100
采集进度,internalPage： 47
1000
900
800
700
600
500
400
300
200
100
采集进度,internalPage： 48
1000
900
800
700
600
500
400
300
200
100
采集进度,internalPage： 49
1000
900
800
700
600
500
400
300
200
100
采集进度,internalPage： 50
1000
900
800
700
600
500
400
300
200
100
采集进度,internalPage： 51
1000
900
800
700
600
500
400
300
200
100
采集进度,internalPage： 52
1000
900
800
700
600
500
400
300
200
100
采集进度,internalPage： 53
1000
900
800
700
600
500
400
300
200
100
采集进度,internalPage： 54
1000
900
800
700
600
500
400
300
200
100
采集进度,internalPage： 55
1000
900
800
700
600
500
400
300
200
100
采集进度,internalPage： 56
1000
900
800
700
600
500
400
300
200
100
采集进度,internalPage： 57
1000
900
800
700
600
500
400
300
200
100
采集进度,internalPage： 58
1000
900
800
700
600
500
400
300
200
100
采集进度,internalPage： 59
1000
900
800
700
600
500
400
300
200
100
采集进度,internalPage： 60
1000
900
800
700
600
500
400
300
200
100
采集进度,internalPage： 61
1000
900
800
700
600
500
400
300
200
100
采集进度,internalPage： 62
1000
900
800
700
600
500
400
300
200
100
采集进度,internalPage： 63
1000
900
800
700
600
500
400
300
200
100
采集进度,internalPage： 64
1000
900
800
700
600
500
400
300
200
100
采集进度,internalPage： 65
1000
900
800
700
600
500
400
300
200
100
采集进度,internalPage： 66
1000
900
800
700
600
500
400
300
200
100
采集进度,internalPage： 67
1000
900
800
700
600
500
400
300
200
100
采集进度,internalPage： 68
1000
900
800
700
600
500
400
300
200
100
采集进度,internalPage： 69
1000
900
800
700
600
500
400
300
200
100
采集进度,internalPage： 70
1000
900
800
700
600
500
400
300
200
100
采集进度,internalPage： 71
1000
900
800
700
600
500
400
300
200
100
采集进度,internalPage： 72
1000
900
800
700
600
500
400
300
200
100
采集进度,internalPage： 73
1000
900
800
700
600
500
400
300
200
100
采集进度,internalPage： 74
1000
900
800
700
600
500
400
300
200
100
采集进度,internalPage： 75
1000
900
800
700
600
500
400
300
200
100
采集进度,internalPage： 76
1000
900
800
700
600
500
400
300
200
100
采集进度,internalPage： 77
1000
900
800
700
600
500
400
300
200
100
采集进度,internalPage： 78
1000
900
800
700
600
500
400
300
200
100
采集进度,internalPage： 79
1000
900
800
700
600
500
400
300
200
100
采集进度,internalPage： 80
1000
900
800
700
600
500
400
300
200
100
采集进度,internalPage： 81
1000
900
800
700
600
500
400
300
200
100
采集进度,internalPage： 82
1000
900
800
700
600
500
400
300
200
100
采集进度,internalPage： 83
1000
900
800
700
600
500
400
300
200
100
采集进度,internalPage： 84
1000
900
800
700
600
500
400
300
200
100
采集进度,internalPage： 85
1000
900
800
700
600
500
400
300
200
100
采集进度,internalPage： 86
1000
900
800
700
600
500
400
300
200
100
采集进度,internalPage： 87
1000
900
800
700
600
500
400
300
200
100
采集进度,internalPage： 88
1000
900
800
700
600
500
400
300
200
100
采集进度,internalPage： 89
1000
900
800
700
600
500
400
300
200
100
采集进度,internalPage： 90
1000
900
800
700
600
500
400
300
200
100
采集进度,internalPage： 91
1000
900
800
700
600
500
400
300
200
100
采集进度,internalPage： 92
1000
900
800
700
600
500
400
300
200
100
采集进度,internalPage： 93
1000
900
800
700
600
500
400
300
200
100
采集进度,internalPage： 94
1000
900
800
700
600
500
400
300
200
100
采集进度,internalPage： 95
1000
900
800
700
600
500
400
300
200
100
采集进度,internalPage： 96
1000
900
800
700
600
500
400
300
200
100
采集进度,internalPage： 97
1000
900
800
700
600
500
400
300
200
100
采集进度,internalPage： 98
1000
900
800
700
600
500
400
300
200
100
采集进度,internalPage： 99
1000
900
800
700
600
500
400
300
200
100
采集进度,internalPage： 100
1000
900
800
700
600
500
400
300
200
100
采集进度,internalPage： 101
1000
900
800
700
600
500
400
300
200
100
采集进度,internalPage： 102
1000
900
800
700
600
500
400
300
200
100
采集进度,internalPage： 103
1000
900
800
700
600
500
400
300
200
100
采集进度,internalPage： 104
1000
900
800
700
600
500
400
300
200
100
采集进度,internalPage： 105
1000
900
800
700
600
500
400
300
200
100
采集进度,internalPage： 106
1000
900
800
700
600
500
400
300
200
100
采集进度,internalPage： 107
1000
900
800
700
600
500
400
300
200
100
采集进度,internalPage： 108
1000
900
800
700
600
500
400
300
200
100
采集进度,internalPage： 109
1000
900
800
700
600
500
400
300
200
100
采集进度,internalPage： 110
1000
900
800
700
600
500
400
300
200
100
采集进度,internalPage： 111
1000
900
800
700
600
500
400
300
200
100
采集进度,internalPage： 112
1000
900
800
700
600
500
400
300
200
100
采集进度,internalPage： 113
1000
900
800
700
600
500
400
300
200
100
采集进度,internalPage： 114
1000
900
800
700
600
500
400
300
200
100
采集进度,internalPage： 115
1000
900
800
700
600
500
400
300
200
100
采集进度,internalPage： 116
1000
900
800
700
600
500
400
300
200
100
采集进度,internalPage： 117
1000
900
800
700
600
500
400
300
200
100
采集进度,internalPage： 118
1000
900
800
700
600
500
400
300
200
100
采集进度,internalPage： 119
1000
900
800
700
600
500
400
300
200
100
采集进度,internalPage： 120
1000
900
800
700
600
500
400
300
200
100
采集进度,internalPage： 121
1000
900
800
700
600
500
400
300
200
100
采集进度,internalPage： 122
1000
900
800
700
600
500
400
300
200
100
采集进度,internalPage： 123
1000
900
800
700
600
500
400
300
200
100
采集进度,internalPage： 124
1000
900
800
700
600
500
400
300
200
100
采集进度,internalPage： 125
1000
900
800
700
600
500
400
300
200
100
采集进度,internalPage： 126
1000
900
800
700
600
500
400
300
200
100
采集进度,internalPage： 127
1000
900
800
700
600
500
400
300
200
100
采集进度,internalPage： 128
1000
900
800
700
600
500
400
300
200
100
采集进度,internalPage： 129
1000
900
800
700
600
500
400
300
200
100
采集进度,internalPage： 130
1000
900
800
700
600
500
400
300
200
100
采集进度,internalPage： 131
1000
900
800
700
600
500
400
300
200
100
采集进度,internalPage： 132
1000
900
800
700
600
500
400
300
200
100
采集进度,internalPage： 133
1000
900
800
700
600
500
400
300
200
100
采集进度,internalPage： 134
1000
900
800
700
600
500
400
300
200
100
采集进度,internalPage： 135
1000
900
800
700
600
500
400
300
200
100
采集进度,internalPage： 136
1000
900
800
700
600
500
400
300
200
100
采集进度,internalPage： 137
1000
900
800
700
600
500
400
300
200
100
采集进度,internalPage： 138
1000
900
800
700
600
500
400
300
200
100
采集进度,internalPage： 139
1000
900
800
700
600
500
400
300
200
100
采集进度,internalPage： 140
1000
900
800
700
600
500
400
300
200
100
采集进度,internalPage： 141
1000
900
800
700
600
500
400
300
200
100
采集进度,internalPage： 142
1000
900
800
700
600
500
400
300
200
100
采集进度,internalPage： 143
1000
900
800
700
600
500
400
300
200
100
采集进度,internalPage： 144
1000
900
800
700
600
500
400
300
200
100
采集进度,internalPage： 145
1000
900
800
700
600
500
400
300
200
100
采集进度,internalPage： 146
1000
900
800
700
600
500
400
300
200
100
采集进度,internalPage： 147
1000
900
800
700
600
500
400
300
200
100
采集进度,internalPage： 148
1000
900
800
700
600
500
400
300
200
100
采集进度,internalPage： 149
1000
900
800
700
600
500
400
300
200
100
采集进度,internalPage： 150
1000
900
800
700
600
500
400
300
200
100
采集进度,internalPage： 151
1000
900
800
700
600
500
400
300
200
100
采集进度,internalPage： 152
1000
900
800
700
600
500
400
300
200
100
采集进度,internalPage： 153
1000
900
800
700
600
500
400
300
200
100
采集进度,internalPage： 154
1000
900
800
700
600
500
400
300
200
100
采集进度,internalPage： 155
1000
900
800
700
600
500
400
300
200
100
采集进度,internalPage： 156
1000
900
800
700
600
500
400
300
200
100
采集进度,internalPage： 157
1000
900
800
700
600
500
400
300
200
100
采集进度,internalPage： 158
1000
900
800
700
600
500
400
300
200
100
采集进度,internalPage： 159
1000
900
800
700
600
500
400
300
200
100
采集进度,internalPage： 160
1000
900
800
700
600
500
400
300
200
100
采集进度,internalPage： 161
1000
900
800
700
600
500
400
300
200
100
采集进度,internalPage： 162
1000
900
800
700
600
500
400
300
200
100
采集进度,internalPage： 163
1000
900
800
700
600
500
400
300
200
100
采集进度,internalPage： 164
1000
900
800
700
600
500
400
300
200
100
采集进度,internalPage： 165
1000
900
800
700
600
500
400
300
200
100
采集进度,internalPage： 166
1000
900
800
700
600
500
400
300
200
100
采集进度,internalPage： 167
1000
900
800
700
600
500
400
300
200
100
采集进度,internalPage： 168
1000
900
800
700
600
500
400
300
200
100
采集进度,internalPage： 169
1000
900
800
700
600
500
400
300
200
100
采集进度,internalPage： 170
1000
900
800
700
600
500
400
300
200
100
采集进度,internalPage： 171
1000
900
800
700
600
500
400
300
200
100
采集进度,internalPage： 172
1000
900
800
700
600
500
400
300
200
100
采集进度,internalPage： 173
1000
900
800
700
600
500
400
300
200
100
采集进度,internalPage： 174
1000
900
800
700
600
500
400
300
200
100
采集进度,internalPage： 175
1000
900
800
700
600
500
400
300
200
100
采集进度,internalPage： 176
1000
900
800
700
600
500
400
300
200
100
采集进度,internalPage： 177
1000
900
800
700
600
500
400
300
200
100
采集进度,internalPage： 178
1000
900
800
700
600
500
400
300
200
100
采集进度,internalPage： 179
1000
900
800
700
600
500
400
300
200
100
采集进度,internalPage： 180
1000
900
800
700
600
500
400
300
200
100
采集进度,internalPage： 181
1000
900
800
700
600
500
400
300
200
100
采集进度,internalPage： 182
1000
900
800
700
600
500
400
300
200
100
采集进度,internalPage： 183
1000
900
800
700
600
500
400
300
200
100
采集进度,internalPage： 184
1000
900
800
700
600
500
400
300
200
100
采集进度,internalPage： 185
1000
900
800
700
600
500
400
300
200
100
采集进度,internalPage： 186
1000
900
800
700
600
500
400
300
200
100
采集进度,internalPage： 187
1000
900
800
700
600
500
400
300
200
100
采集进度,internalPage： 188
1000
900
800
700
600
500
400
300
200
100
采集进度,internalPage： 189
1000
900
800
700
600
500
400
300
200
100
采集进度,internalPage： 190
1000
900
800
700
600
500
400
300
200
100
采集进度,internalPage： 191
1000
900
800
700
600
500
400
300
200
100
采集进度,internalPage： 192
1000
900
800
700
600
500
400
300
200
100
采集进度,internalPage： 193
1000
900
800
700
600
500
400
300
200
100
采集进度,internalPage： 194
1000
900
800
700
600
500
400
300
200
100
采集进度,internalPage： 195
1000
900
800
700
600
500
400
300
200
100
采集进度,internalPage： 196
1000
900
800
700
600
500
400
300
200
100
采集进度,internalPage： 197
1000
900
800
700
600
500
400
300
200
100
采集进度,internalPage： 198
1000
900
800
700
600
500
400
300
200
100
采集进度,internalPage： 199
1000
900
800
700
600
500
400
300
200
100
采集进度,internalPage： 200
1000
900
800
700
600
500
400
300
200
100
采集进度,internalPage： 201
1000
900
800
700
600
500
400
300
200
100
采集进度,internalPage： 202
1000
900
800
700
600
500
400
300
200
100
采集进度,internalPage： 203
1000
900
800
700
600
500
400
300
200
100
采集进度,internalPage： 204
1000
900
800
700
600
500
400
300
200
100
采集进度,internalPage： 205
1000
900
800
700
600
500
400
300
200
100
采集进度,internalPage： 206
1000
900
800
700
600
500
400
300
200
100
采集进度,internalPage： 207
1000
900
800
700
600
500
400
300
200
100
采集进度,internalPage： 208
1000
900
800
700
600
500
400
300
200
100
采集进度,internalPage： 209
1000
900
800
700
600
500
400
300
200
100
采集进度,internalPage： 210
1000
900
800
700
600
500
400
300
200
100
采集进度,internalPage： 211
1000
900
800
700
600
500
400
300
200
100
采集进度,internalPage： 212
1000
900
800
700
600
500
400
300
200
100
采集进度,internalPage： 213
1000
900
800
700
600
500
400
300
200
100
采集进度,internalPage： 214
1000
900
800
700
600
500
400
300
200
100
采集进度,internalPage： 215
1000
900
800
700
600
500
400
300
200
100
采集进度,internalPage： 216
900
800
700
600
500
400
300
200
100
采集进度,internalPage： 217
[finish]
